# JRE version: OpenJDK Runtime Environment OpenLogic-OpenJDK (17.0.11+9) (build 17.0.11+9-adhoc..jdk17u)
# Java VM: OpenJDK 64-Bit Server VM OpenLogic-OpenJDK (17.0.11+9-adhoc..jdk17u, mixed mode, sharing, tiered, compressed oops, compressed class ptrs, g1 gc, windows-amd64)
GC Precious Log:
 CPUs: 4 total, 4 available
 Memory: 6028M
 Large Page Support: Disabled
 NUMA Support: Disabled
 Compressed Oops: Enabled (32-bit)
 Heap Region Size: 1M
 Heap Min Capacity: 8M
 Heap Initial Capacity: 96M
 Heap Max Capacity: 2G
 Pre-touch: Disabled
 Parallel Workers: 4
 Concurrent Workers: 1
 Concurrent Refinement Workers: 4
 Periodic GC: Disabled
Heap:
 garbage-first heap   total 406528K, used 256917K [0x0000000080000000, 0x0000000100000000)
  region size 1024K, 52 young (53248K), 6 survivors (6144K)
 Metaspace       used 119952K, committed 122048K, reserved 557056K
  class space    used 16377K, committed 17152K, reserved 425984K
GC Heap History (20 events):
Event: 131.717 GC heap before
{Heap before GC invocations=44 (full 0):
 garbage-first heap   total 391168K, used 287138K [0x0000000080000000, 0x0000000100000000)
  region size 1024K, 141 young (144384K), 22 survivors (22528K)
 Metaspace       used 109134K, committed 110272K, reserved 557056K
  class space    used 15188K, committed 15680K, reserved 425984K
}
Event: 131.806 GC heap after
{Heap after GC invocations=45 (full 0):
 garbage-first heap   total 391168K, used 178688K [0x0000000080000000, 0x0000000100000000)
  region size 1024K, 12 young (12288K), 12 survivors (12288K)
 Metaspace       used 109134K, committed 110272K, reserved 557056K
  class space    used 15188K, committed 15680K, reserved 425984K
}
Event: 136.092 GC heap before
{Heap before GC invocations=45 (full 0):
 garbage-first heap   total 391168K, used 298496K [0x0000000080000000, 0x0000000100000000)
  region size 1024K, 129 young (132096K), 12 survivors (12288K)
 Metaspace       used 110402K, committed 111552K, reserved 557056K
  class space    used 15315K, committed 15808K, reserved 425984K
}
Event: 136.188 GC heap after
{Heap after GC invocations=46 (full 0):
 garbage-first heap   total 391168K, used 189952K [0x0000000080000000, 0x0000000100000000)
  region size 1024K, 11 young (11264K), 11 survivors (11264K)
 Metaspace       used 110402K, committed 111552K, reserved 557056K
  class space    used 15315K, committed 15808K, reserved 425984K
}
Event: 138.356 GC heap before
{Heap before GC invocations=46 (full 0):
 garbage-first heap   total 391168K, used 307712K [0x0000000080000000, 0x0000000100000000)
  region size 1024K, 126 young (129024K), 11 survivors (11264K)
 Metaspace       used 110508K, committed 111680K, reserved 557056K
  class space    used 15331K, committed 15872K, reserved 425984K
}
Event: 138.422 GC heap after
{Heap after GC invocations=47 (full 0):
 garbage-first heap   total 391168K, used 194560K [0x0000000080000000, 0x0000000100000000)
  region size 1024K, 7 young (7168K), 7 survivors (7168K)
 Metaspace       used 110508K, committed 111680K, reserved 557056K
  class space    used 15331K, committed 15872K, reserved 425984K
}
Event: 140.675 GC heap before
{Heap before GC invocations=47 (full 0):
 garbage-first heap   total 391168K, used 313344K [0x0000000080000000, 0x0000000100000000)
  region size 1024K, 123 young (125952K), 7 survivors (7168K)
 Metaspace       used 110516K, committed 111744K, reserved 557056K
  class space    used 15331K, committed 15872K, reserved 425984K
}
Event: 140.704 GC heap after
{Heap after GC invocations=48 (full 0):
 garbage-first heap   total 391168K, used 196760K [0x0000000080000000, 0x0000000100000000)
  region size 1024K, 9 young (9216K), 9 survivors (9216K)
 Metaspace       used 110516K, committed 111744K, reserved 557056K
  class space    used 15331K, committed 15872K, reserved 425984K
}
Event: 144.367 GC heap before
{Heap before GC invocations=48 (full 0):
 garbage-first heap   total 391168K, used 316568K [0x0000000080000000, 0x0000000100000000)
  region size 1024K, 127 young (130048K), 9 survivors (9216K)
 Metaspace       used 110899K, committed 112064K, reserved 557056K
  class space    used 15360K, committed 15872K, reserved 425984K
}
Event: 144.412 GC heap after
{Heap after GC invocations=49 (full 0):
 garbage-first heap   total 391168K, used 201780K [0x0000000080000000, 0x0000000100000000)
  region size 1024K, 11 young (11264K), 11 survivors (11264K)
 Metaspace       used 110899K, committed 112064K, reserved 557056K
  class space    used 15360K, committed 15872K, reserved 425984K
}
Event: 147.889 GC heap before
{Heap before GC invocations=49 (full 0):
 garbage-first heap   total 391168K, used 319540K [0x0000000080000000, 0x0000000100000000)
  region size 1024K, 127 young (130048K), 11 survivors (11264K)
 Metaspace       used 111230K, committed 112448K, reserved 557056K
  class space    used 15387K, committed 15936K, reserved 425984K
}
Event: 147.938 GC heap after
{Heap after GC invocations=50 (full 0):
 garbage-first heap   total 391168K, used 206470K [0x0000000080000000, 0x0000000100000000)
  region size 1024K, 12 young (12288K), 12 survivors (12288K)
 Metaspace       used 111230K, committed 112448K, reserved 557056K
  class space    used 15387K, committed 15936K, reserved 425984K
}
Event: 148.869 GC heap before
{Heap before GC invocations=50 (full 0):
 garbage-first heap   total 391168K, used 243334K [0x0000000080000000, 0x0000000100000000)
  region size 1024K, 45 young (46080K), 12 survivors (12288K)
 Metaspace       used 112038K, committed 113216K, reserved 557056K
  class space    used 15426K, committed 16000K, reserved 425984K
}
Event: 148.907 GC heap after
{Heap after GC invocations=51 (full 0):
 garbage-first heap   total 391168K, used 207184K [0x0000000080000000, 0x0000000100000000)
  region size 1024K, 8 young (8192K), 8 survivors (8192K)
 Metaspace       used 112038K, committed 113216K, reserved 557056K
  class space    used 15426K, committed 16000K, reserved 425984K
}
Event: 409.540 GC heap before
{Heap before GC invocations=52 (full 0):
 garbage-first heap   total 391168K, used 324944K [0x0000000080000000, 0x0000000100000000)
  region size 1024K, 124 young (126976K), 8 survivors (8192K)
 Metaspace       used 117448K, committed 118784K, reserved 557056K
  class space    used 16095K, committed 16704K, reserved 425984K
}
Event: 409.600 GC heap after
{Heap after GC invocations=53 (full 0):
 garbage-first heap   total 391168K, used 211792K [0x0000000080000000, 0x0000000100000000)
  region size 1024K, 12 young (12288K), 12 survivors (12288K)
 Metaspace       used 117448K, committed 118784K, reserved 557056K
  class space    used 16095K, committed 16704K, reserved 425984K
}
Event: 733.274 GC heap before
{Heap before GC invocations=53 (full 0):
 garbage-first heap   total 391168K, used 217936K [0x0000000080000000, 0x0000000100000000)
  region size 1024K, 19 young (19456K), 12 survivors (12288K)
 Metaspace       used 117496K, committed 118784K, reserved 557056K
  class space    used 16095K, committed 16704K, reserved 425984K
}
Event: 733.318 GC heap after
{Heap after GC invocations=54 (full 0):
 garbage-first heap   total 391168K, used 208652K [0x0000000080000000, 0x0000000100000000)
  region size 1024K, 2 young (2048K), 2 survivors (2048K)
 Metaspace       used 117496K, committed 118784K, reserved 557056K
  class space    used 16095K, committed 16704K, reserved 425984K
}
Event: 3863.195 GC heap before
{Heap before GC invocations=54 (full 0):
 garbage-first heap   total 391168K, used 325388K [0x0000000080000000, 0x0000000100000000)
  region size 1024K, 117 young (119808K), 2 survivors (2048K)
 Metaspace       used 119162K, committed 120512K, reserved 557056K
  class space    used 16354K, committed 16960K, reserved 425984K
}
Event: 3863.372 GC heap after
{Heap after GC invocations=55 (full 0):
 garbage-first heap   total 391168K, used 211861K [0x0000000080000000, 0x0000000100000000)
  region size 1024K, 6 young (6144K), 6 survivors (6144K)
 Metaspace       used 119162K, committed 120512K, reserved 557056K
  class space    used 16354K, committed 16960K, reserved 425984K
}

